2018-07-29T07:10:45.989Z - normal: Load ~/.CocosCreator/settings.json
2018-07-29T07:10:45.993Z - normal: checking language setting...
2018-07-29T07:10:45.993Z - normal: Language: zh
2018-07-29T07:10:46.563Z - success: protocol editor-framework registered
2018-07-29T07:10:46.563Z - success: protocol app registered
2018-07-29T07:10:46.563Z - success: protocol theme registered
2018-07-29T07:10:46.563Z - success: protocol packages registered
2018-07-29T07:10:46.564Z - success: protocol unpack registerred
2018-07-29T07:10:46.564Z - success: protocol disable-commonjs registerred
2018-07-29T07:10:46.755Z - normal: connected!
2018-07-29T07:10:46.759Z - normal: Check project /Users/Liaoxin/Documents/demo_copy
2018-07-29T07:10:46.769Z - normal: Initializing Cocos2d
2018-07-29T07:10:46.925Z - normal: Initializing Asset Database
2018-07-29T07:10:46.954Z - success: protocol uuid registerred
2018-07-29T07:10:46.954Z - success: protocol db registerred
2018-07-29T07:10:46.954Z - success: protocol thumbnail registerred
2018-07-29T07:10:46.954Z - normal: Loading editor/builtin packages
2018-07-29T07:10:46.971Z - success: anysdk loaded
2018-07-29T07:10:47.074Z - success: assets loaded
2018-07-29T07:10:47.077Z - success: builder loaded
2018-07-29T07:10:47.079Z - success: cocos-analytics loaded
2018-07-29T07:10:47.083Z - success: console loaded
2018-07-29T07:10:47.112Z - success: fb-instant-games loaded
2018-07-29T07:10:47.116Z - success: hierarchy loaded
2018-07-29T07:10:47.120Z - success: inspector loaded
2018-07-29T07:10:47.121Z - success: keystore loaded
2018-07-29T07:10:47.125Z - success: node-library loaded
2018-07-29T07:10:47.127Z - success: package-asset loaded
2018-07-29T07:10:47.129Z - success: preferences loaded
2018-07-29T07:10:47.131Z - success: project-exporter loaded
2018-07-29T07:10:47.145Z - success: project-importer loaded
2018-07-29T07:10:47.148Z - success: project-settings loaded
2018-07-29T07:10:47.152Z - success: ui-kit loaded
2018-07-29T07:10:47.156Z - success: ui-grid loaded
2018-07-29T07:10:47.160Z - success: scene loaded
2018-07-29T07:10:47.161Z - success: sprite-editor loaded
2018-07-29T07:10:47.165Z - success: store loaded
2018-07-29T07:10:47.170Z - success: timeline loaded
2018-07-29T07:10:47.170Z - normal: Loading builtin packages
2018-07-29T07:10:47.173Z - success: asset-db-debugger loaded
2018-07-29T07:10:47.174Z - success: color-picker loaded
2018-07-29T07:10:47.177Z - success: package-manager loaded
2018-07-29T07:10:47.179Z - success: qqplay-adapter loaded
2018-07-29T07:10:47.184Z - success: sdkbox loaded
2018-07-29T07:10:47.188Z - success: tester loaded
2018-07-29T07:10:47.190Z - success: ui-kit-preview-extra loaded
2018-07-29T07:10:47.193Z - success: ui-kit-preview loaded
2018-07-29T07:10:47.196Z - success: ui-tree loaded
2018-07-29T07:10:47.197Z - success: weapp-adapter loaded
2018-07-29T07:10:48.050Z - normal: Initializing project /Users/Liaoxin/Documents/demo_copy
2018-07-29T07:10:48.055Z - normal: Loading packages
2018-07-29T07:10:48.061Z - normal: Watching packages
2018-07-29T07:10:48.165Z - normal: Run Application
2018-07-29T07:10:48.889Z - success: preview server running at http://localhost:7456
2018-07-29T07:10:52.768Z - normal: 1.9.3
